<?xml version="1.0" encoding="UTF-8"?>
<!-- Generated by org.testng.reporters.JUnitReportReporter -->
<testsuite skipped="0" hostname="PRB-L460-UP4U" name="actiTimeTest.TestHomePage" tests="1" failures="0" timestamp="19 Aug 2018 05:18:11 GMT" time="16.464" errors="0">
  <testcase name="testLogout" time="16.464" classname="actiTimeTest.TestHomePage"/>
</testsuite> <!-- actiTimeTest.TestHomePage -->
