<?xml version="1.0" encoding="UTF-8"?>
<!-- Generated by org.testng.reporters.JUnitReportReporter -->
<testsuite skipped="0" hostname="PRB-L460-UP4U" name="actiTimeTest.TestLogin" tests="7" failures="0" timestamp="19 Aug 2018 05:18:11 GMT" time="97.741" errors="0">
  <testcase name="testValidCredential" time="14.323" classname="actiTimeTest.TestLogin"/>
  <testcase name="testInvalidUn" time="11.966" classname="actiTimeTest.TestLogin"/>
  <testcase name="testInvalidPw" time="11.965" classname="actiTimeTest.TestLogin"/>
  <testcase name="testNoUsername" time="11.482" classname="actiTimeTest.TestLogin"/>
  <testcase name="testNoPassword" time="18.837" classname="actiTimeTest.TestLogin"/>
  <testcase name="testNoValue" time="17.196" classname="actiTimeTest.TestLogin"/>
  <testcase name="testInvalidCredential" time="11.972" classname="actiTimeTest.TestLogin"/>
</testsuite> <!-- actiTimeTest.TestLogin -->
